\BOOKMARK [-1][]{thuchapter.1.-1}{\376\377\122\051\165\050\000L\000L\000V\000M\122\240\220\037\000x\0008\0006\122\060\000A\000R\000M\166\204\122\250\140\001\116\214\217\333\122\066\177\373\213\321\147\072\122\066}{}% 1
\BOOKMARK [0][]{thuchapter.2.0}{\376\377\116\055\145\207\144\130\211\201}{thuchapter.1.-1}% 2
\BOOKMARK [0][]{thuchapter.3.0}{\376\377\000A\000B\000S\000T\000R\000A\000C\000T}{thuchapter.1.-1}% 3
\BOOKMARK [0][]{thuchapter.4.0}{\376\377\166\356\137\125}{thuchapter.1.-1}% 4
\BOOKMARK [0][]{thuchapter.5.0}{\376\377\116\073\211\201\173\046\123\367\133\371\161\147\210\150}{thuchapter.1.-1}% 5
\BOOKMARK [0][]{chapter.1}{\376\377\173\054\0001\172\340\000\040\137\025\212\000}{thuchapter.1.-1}% 6
\BOOKMARK [1][-]{section.1.1}{\376\377\0001\000.\0001\000\040\000Q\000E\000M\000U\173\200\116\313}{chapter.1}% 7
\BOOKMARK [2][-]{subsection.1.1.1}{\376\377\0001\000.\0001\000.\0001\000\040\000Q\000E\000M\000U\143\007\116\344\177\373\213\321\217\307\172\013}{section.1.1}% 8
\BOOKMARK [2][-]{subsection.1.1.2}{\376\377\0001\000.\0001\000.\0002\000\040\000Q\000E\000M\000U\143\007\116\344\142\147\210\114\217\307\172\013}{section.1.1}% 9
\BOOKMARK [2][-]{subsection.1.1.3}{\376\377\0001\000.\0001\000.\0003\000\040\000T\000B\000\040\000c\000h\000a\000i\000n\000i\000n\000g}{section.1.1}% 10
\BOOKMARK [1][-]{section.1.2}{\376\377\0001\000.\0002\000\040\000L\000L\000V\000M\173\200\116\313}{chapter.1}% 11
\BOOKMARK [2][-]{subsection.1.2.1}{\376\377\0001\000.\0002\000.\0001\000\040\000L\000L\000V\000M\000\040\000I\000R}{section.1.2}% 12
\BOOKMARK [2][-]{subsection.1.2.2}{\376\377\0001\000.\0002\000.\0002\000\040\000L\000L\000V\000M\000\040\000J\000I\000T}{section.1.2}% 13
\BOOKMARK [1][-]{section.1.3}{\376\377\0001\000.\0003\000\040\117\177\165\050\000L\000L\000V\000M\145\071\125\204\000Q\000E\000M\000U\143\007\116\344\177\373\213\321\217\307\172\013\166\204\131\175\131\004}{chapter.1}% 14
\BOOKMARK [2][-]{subsection.1.3.1}{\376\377\0001\000.\0003\000.\0001\000\040\146\364\122\240\116\060\133\314\166\204\000I\000R\117\030\123\026\174\173\127\213}{section.1.3}% 15
\BOOKMARK [2][-]{subsection.1.3.2}{\376\377\0001\000.\0003\000.\0002\000\040\224\210\133\371\116\015\124\014\166\204\117\123\174\373\176\323\147\204\165\037\142\020\147\072\126\150\116\343\170\001}{section.1.3}% 16
\BOOKMARK [2][-]{subsection.1.3.3}{\376\377\0001\000.\0003\000.\0003\000\040\123\163\145\366\177\026\213\321}{section.1.3}% 17
\BOOKMARK [0][]{chapter.2}{\376\377\173\054\0002\172\340\000\040\133\236\232\214\121\205\133\271}{thuchapter.1.-1}% 18
\BOOKMARK [1][-]{section.2.1}{\376\377\0002\000.\0001\000\040\143\007\116\344\177\373\213\321\137\227\122\060\000L\000L\000V\000M\000\040\000I\000R}{chapter.2}% 19
\BOOKMARK [1][-]{section.2.2}{\376\377\0002\000.\0002\000\040\143\007\116\344\166\204\142\147\210\114}{chapter.2}% 20
\BOOKMARK [1][-]{section.2.3}{\376\377\0002\000.\0003\000\040\140\047\200\375\213\304\117\060}{chapter.2}% 21
\BOOKMARK [2][-]{subsection.2.3.1}{\376\377\0002\000.\0003\000.\0001\000\040\116\305\117\177\165\050\000J\000I\000T\000\040\000C\000o\000m\000p\000i\000l\000e\000r\117\134\116\072\142\147\210\114\137\025\144\316}{section.2.3}% 22
\BOOKMARK [2][-]{subsection.2.3.2}{\376\377\0002\000.\0003\000.\0002\000\040\134\006\000I\000n\000t\000e\000r\000p\000r\000e\000t\000e\000r\116\016\000J\000I\000T\000\040\000C\000o\000m\000p\000i\000l\000e\000r\176\323\124\010\117\177\165\050}{section.2.3}% 23
\BOOKMARK [2][-]{subsection.2.3.3}{\376\377\0002\000.\0003\000.\0003\000\040\000T\000B\000\040\000c\000h\000a\000i\000n\000i\000n\000g\166\204\133\236\163\260}{section.2.3}% 24
\BOOKMARK [1][-]{section.2.4}{\376\377\0002\000.\0004\000\040\133\236\232\214\140\073\176\323}{chapter.2}% 25
\BOOKMARK [0][]{section*.15}{\376\377\143\322\126\376\175\042\137\025}{thuchapter.1.-1}% 26
\BOOKMARK [0][]{section*.17}{\376\377\210\150\150\074\175\042\137\025}{thuchapter.1.-1}% 27
\BOOKMARK [0][]{section*.19}{\376\377\121\154\137\017\175\042\137\025}{thuchapter.1.-1}% 28
\BOOKMARK [0][]{section*.21}{\376\377\201\364\214\042}{thuchapter.1.-1}% 29
\BOOKMARK [0][]{section*.23}{\376\377\130\360\146\016}{thuchapter.1.-1}% 30
\BOOKMARK [0][]{appendix.A}{\376\377\226\104\137\125\000\040\000A\000\040\123\125\166\356\150\007\211\304\122\022}{thuchapter.1.-1}% 31
\BOOKMARK [1][-]{section.A.1}{\376\377\000A\000.\0001\000\040\000S\000i\000n\000g\000l\000e\000-\000O\000b\000j\000e\000c\000t\000i\000v\000e\000\040\000P\000r\000o\000g\000r\000a\000m\000m\000i\000n\000g}{appendix.A}% 32
\BOOKMARK [2][-]{subsection.A.1.1}{\376\377\000A\000.\0001\000.\0001\000\040\000L\000i\000n\000e\000a\000r\000\040\000P\000r\000o\000g\000r\000a\000m\000m\000i\000n\000g}{section.A.1}% 33
\BOOKMARK [2][-]{subsection.A.1.2}{\376\377\000A\000.\0001\000.\0002\000\040\000N\000o\000n\000l\000i\000n\000e\000a\000r\000\040\000P\000r\000o\000g\000r\000a\000m\000m\000i\000n\000g}{section.A.1}% 34
\BOOKMARK [2][-]{subsection.A.1.3}{\376\377\000A\000.\0001\000.\0003\000\040\000I\000n\000t\000e\000g\000e\000r\000\040\000P\000r\000o\000g\000r\000a\000m\000m\000i\000n\000g}{section.A.1}% 35
\BOOKMARK [1][-]{section.A.2}{\376\377\000A\000.\0002\000\040\123\125\166\356\150\007\211\304\122\022}{appendix.A}% 36
\BOOKMARK [2][-]{subsection.A.2.1}{\376\377\000A\000.\0002\000.\0001\000\040\176\277\140\047\211\304\122\022}{section.A.2}% 37
\BOOKMARK [2][-]{subsection.A.2.2}{\376\377\000A\000.\0002\000.\0002\000\040\227\136\176\277\140\047\211\304\122\022}{section.A.2}% 38
\BOOKMARK [2][-]{subsection.A.2.3}{\376\377\000A\000.\0002\000.\0003\000\040\145\164\145\160\211\304\122\022}{section.A.2}% 39
\BOOKMARK [0][]{section*.30}{\376\377\127\050\133\146\147\037\225\364\123\302\122\240\213\376\230\230\166\204\170\024\172\166\142\020\147\234}{thuchapter.1.-1}% 40
